#
# There is insufficient memory for the Java Runtime Environment to continue.
# Native memory allocation (malloc) failed to allocate 1048576 bytes for AllocateHeap
# Possible reasons:
#   The system is out of physical RAM or swap space
#   The process is running with CompressedOops enabled, and the Java Heap may be blocking the growth of the native heap
# Possible solutions:
#   Reduce memory load on the system
#   Increase physical memory or swap space
#   Check if swap backing store is full
#   Decrease Java heap size (-Xmx/-Xms)
#   Decrease number of Java threads
#   Decrease Java thread stack sizes (-Xss)
#   Set larger code cache with -XX:ReservedCodeCacheSize=
# This output file may be truncated or incomplete.
#
#  Out of Memory Error (memory/allocation.inline.hpp:62), pid=5780, tid=7648
#
# JRE version:  (9.0+11) (build )
# Java VM: Java HotSpot(TM) 64-Bit Server VM (9.0.1+11, mixed mode, tiered, compressed oops, g1 gc, windows-amd64)
# No core dump will be written. Minidumps are not enabled by default on client versions of Windows
#

---------------  S U M M A R Y ------------

Command Line: -Xmx2048M -Dfile.encoding=UTF8 C:\Program Files\Unity\Editor\Data\PlaybackEngines\AndroidPlayer/Tools\sdktools.jar -

Host: Intel(R) Core(TM) i5-3317U CPU @ 1.70GHz, 4 cores, 3G,  Windows 7 , 64 bit Build 7601 (6.1.7601.18015)
Time: Tue Apr 10 11:48:15 2018 Turkey Standard Time elapsed time: 0 seconds (0d 0h 0m 0s)

---------------  T H R E A D  ---------------

Current thread (0x00000000000da800):  JavaThread "Unknown thread" [_thread_in_vm, id=7648, stack(0x0000000001fb0000,0x00000000020b0000)]

Stack: [0x0000000001fb0000,0x00000000020b0000]
Native frames: (J=compiled Java code, j=interpreted, Vv=VM code, C=native code)
V  [jvm.dll+0x5870b8]


---------------  P R O C E S S  ---------------

Java Threads: ( => current thread )

Other Threads:
  0x00000000000f1800 GCTaskThread "GC Thread#0" [stack: 0x000000001bca0000,0x000000001bda0000] [id=1096]
  0x00000000000f2800 GCTaskThread "GC Thread#1" [stack: 0x000000001bf00000,0x000000001c000000] [id=7856]
  0x00000000000f5000 GCTaskThread "GC Thread#2" [stack: 0x000000001c0d0000,0x000000001c1d0000] [id=6108]
  0x00000000000f9000 GCTaskThread "GC Thread#3" [stack: 0x000000001c260000,0x000000001c360000] [id=6504]

[error occurred during error reporting (printing all threads), id 0xe0000001]

VM state:not at safepoint (not fully initialized)

VM Mutex/Monitor currently owned by a thread:  ([mutex/lock_event])
[0x00000000000d6840] Heap_lock - owner thread: 0x00000000000da800

Heap address: 0x0000000080000000, size: 2048 MB, Compressed Oops mode: Non-zero based: 0x0000000080000000
Narrow klass base: 0x0000000000000000, Narrow klass shift: 0

GC Heap History (0 events):
No events

Deoptimization events (0 events):
No events

Classes redefined (0 events):
No events

Internal exceptions (0 events):
No events

Events (0 events):
No events


Dynamic libraries:
0x000000013f300000 - 0x000000013f33e000 	C:\Program Files\Java\jdk-9.0.1\bin\java.exe
0x0000000076e40000 - 0x0000000076fe9000 	C:\Windows\SYSTEM32\ntdll.dll
0x0000000076d20000 - 0x0000000076e3f000 	C:\Windows\system32\kernel32.dll
0x000007fefcef0000 - 0x000007fefcf5b000 	C:\Windows\system32\KERNELBASE.dll
0x000007fefd020000 - 0x000007fefd0fb000 	C:\Windows\system32\ADVAPI32.dll
0x000007fefe8b0000 - 0x000007fefe94f000 	C:\Windows\system32\msvcrt.dll
0x000007fefefd0000 - 0x000007fefefef000 	C:\Windows\SYSTEM32\sechost.dll
0x000007fefd390000 - 0x000007fefd4bd000 	C:\Windows\system32\RPCRT4.dll
0x0000000076c20000 - 0x0000000076d1a000 	C:\Windows\system32\USER32.dll
0x000007fefeee0000 - 0x000007fefef47000 	C:\Windows\system32\GDI32.dll
0x000007fefcfb0000 - 0x000007fefcfbe000 	C:\Windows\system32\LPK.dll
0x000007fefe950000 - 0x000007fefea1a000 	C:\Windows\system32\USP10.dll
0x000007fefb620000 - 0x000007fefb814000 	C:\Windows\WinSxS\amd64_microsoft.windows.common-controls_6595b64144ccf1df_6.0.7601.18837_none_fa3b1e3d17594757\COMCTL32.dll
0x000007fefe330000 - 0x000007fefe3a1000 	C:\Windows\system32\SHLWAPI.dll
0x000007fefbce0000 - 0x000007fefbcec000 	C:\Windows\system32\VERSION.dll
0x000007fefea20000 - 0x000007fefea4e000 	C:\Windows\system32\IMM32.DLL
0x000007fefeff0000 - 0x000007feff0f9000 	C:\Windows\system32\MSCTF.dll
0x000007fee2190000 - 0x000007fee227f000 	C:\Program Files\Java\jdk-9.0.1\bin\msvcr120.dll
0x000007fee0110000 - 0x000007fee01b6000 	C:\Program Files\Java\jdk-9.0.1\bin\msvcp120.dll
0x000000005a2e0000 - 0x000000005ad04000 	C:\Program Files\Java\jdk-9.0.1\bin\server\jvm.dll
0x000007fef2680000 - 0x000007fef2689000 	C:\Windows\system32\WSOCK32.dll
0x000007feff100000 - 0x000007feff14d000 	C:\Windows\system32\WS2_32.dll
0x000007fefd2e0000 - 0x000007fefd2e8000 	C:\Windows\system32\NSI.dll
0x000007fefaa10000 - 0x000007fefaa4b000 	C:\Windows\system32\WINMM.dll
0x0000000077000000 - 0x0000000077007000 	C:\Windows\system32\PSAPI.DLL
0x000007fee5d90000 - 0x000007fee5d9f000 	C:\Program Files\Java\jdk-9.0.1\bin\verify.dll
0x000007fee5440000 - 0x000007fee5467000 	C:\Program Files\Java\jdk-9.0.1\bin\java.dll
0x000007fee4de0000 - 0x000007fee4df6000 	C:\Program Files\Java\jdk-9.0.1\bin\zip.dll
0x000007fee5d80000 - 0x000007fee5d8a000 	C:\Program Files\Java\jdk-9.0.1\bin\jimage.dll
0x000007fef84c0000 - 0x000007fef85e5000 	C:\Windows\system32\dbghelp.dll

VM Arguments:
jvm_args: -Xmx2048M -Dfile.encoding=UTF8 
java_command: C:\Program Files\Unity\Editor\Data\PlaybackEngines\AndroidPlayer/Tools\sdktools.jar -
java_class_path (initial): C:\Program Files\Unity\Editor\Data\PlaybackEngines\AndroidPlayer/Tools\sdktools.jar
Launcher Type: SUN_STANDARD

Logging:
Log output configuration:
#0: stdout all=warning uptime,level,tags
#1: stderr all=off uptime,level,tags

Environment Variables:
JAVA_HOME=C:\Program Files\Java\jdk-9.0.1\
PATH=C:\Python27\;C:\Python27\Scripts;C:\Program Files (x86)\NVIDIA Corporation\PhysX\Common;C:\Program Files (x86)\Intel\iCLS Client\;C:\Program Files\Intel\iCLS Client\;C:\ProgramData\Oracle\Java\javapath;C:\Windows\system32;C:\Windows;C:\Windows\System32\Wbem;C:\Windows\System32\WindowsPowerShell\v1.0\;C:\Program Files\Intel\Intel(R) Management Engine Components\DAL;C:\Program Files\Intel\Intel(R) Management Engine Components\IPT;C:\Program Files (x86)\Intel\Intel(R) Management Engine Components\DAL;C:\Program Files (x86)\Intel\Intel(R) Management Engine Components\IPT;C:\Program Files (x86)\Skype\Phone\;C:\Program Files\MATLAB\R2016a\runtime\win64;C:\Program Files\MATLAB\R2016a\bin;C:\Program Files\MATLAB\R2016a\polyspace\bin;C:\Program Files (x86)\Intel\OpenCL SDK\2.0\bin\x86;C:\Program Files (x86)\Intel\OpenCL SDK\2.0\bin\x64;C:\Program Files (x86)\Microsoft SQL Server\110\Tools\Binn\;C:\Program Files\Microsoft SQL Server\110\Tools\Binn\;C:\Program Files\Microsoft SQL Server\110\DTS\Binn\;C:\Program Files (x86)\GtkSharp\2.12\bin;C:\Program Files\PuTTY\;C:\TDM-GCC-64\bin;C:\Program Files\Git\cmd;C:\Users\Özge\AppData\Local\Programs\Python\Python36-32\Scripts\;C:\Users\Özge\AppData\Local\Programs\Python\Python36-32\;C:\Program Files\Java\jdk-9.0.1\bin;C:\Program Files\MiKTeX 2.9\miktex\bin\x64\;C:\MiKTeX 2.9\miktex\bin\x64\;C:\Users\Özge\AppData\Local\GitHubDesktop\bin
USERNAME=Özge
OS=Windows_NT
PROCESSOR_IDENTIFIER=Intel64 Family 6 Model 58 Stepping 9, GenuineIntel



---------------  S Y S T E M  ---------------

OS: Windows 7 , 64 bit Build 7601 (6.1.7601.18015)

CPU:total 4 (initial active 4) (2 cores per cpu, 2 threads per core) family 6 model 58 stepping 9, cmov, cx8, fxsr, mmx, sse, sse2, sse3, ssse3, sse4.1, sse4.2, popcnt, avx, aes, clmul, erms, ht, tsc, tscinvbit, tscinv

Memory: 4k page, physical 4028780k(823528k free), swap 6298844k(5116k free)

vm_info: Java HotSpot(TM) 64-Bit Server VM (9.0.1+11) for windows-amd64 JRE (9.0.1+11), built on Sep 28 2017 04:54:03 by "mach5one" with MS VC++ 12.0 (VS2013)

END.
